<?xml version="1.0" encoding="UTF-8"?>
<testng-results skipped="0" failed="0" total="1" passed="1">
  <reporter-output>
  </reporter-output>
  <suite name="Default suite" duration-ms="40626" started-at="2015-09-02T06:35:16Z" finished-at="2015-09-02T06:35:57Z">
    <groups>
    </groups>
    <test name="Default test" duration-ms="40626" started-at="2015-09-02T06:35:16Z" finished-at="2015-09-02T06:35:57Z">
      <class name="com.limn.app.driver.AppDriverTest">
        <test-method status="PASS" signature="setValue()[pri:0, instance:com.limn.app.driver.AppDriverTest@13969fbe]" name="setValue" duration-ms="40604" started-at="2015-09-02T14:35:16Z" finished-at="2015-09-02T14:35:57Z">
          <reporter-output>
          </reporter-output>
        </test-method> <!-- setValue -->
      </class> <!-- com.limn.app.driver.AppDriverTest -->
    </test> <!-- Default test -->
  </suite> <!-- Default suite -->
</testng-results>
